#
# A fatal error has been detected by the Java Runtime Environment:
#
#  EXCEPTION_ACCESS_VIOLATION (0xc0000005) at pc=0x00007ff9cd7122bc, pid=8320, tid=19656
#
# JRE version: Java(TM) SE Runtime Environment (11.0.6+8) (build 11.0.6+8-LTS)
# Java VM: Java HotSpot(TM) 64-Bit Server VM (11.0.6+8-LTS, mixed mode, tiered, compressed oops, g1 gc, windows-amd64)
# Problematic frame:
# V  [jvm.dll+0x3422bc]
#
# No core dump will be written. Minidumps are not enabled by default on client versions of Windows
#
# If you would like to submit a bug report, please visit:
#   http://bugreport.java.com/bugreport/crash.jsp
#

---------------  S U M M A R Y ------------

Command Line: -agentlib:jdwp=transport=dt_socket,suspend=y,address=localhost:30880 -ea -Dfile.encoding=Cp1252 org.testng.remote.RemoteTestNG -serport 30879 -protocol json -d D:\Projects\Workspace_2021_3\java-patterns\test-output C:\Users\osval\AppData\Local\Temp\testng-eclipse--732734209\testng-customsuite.xml

Host: Intel(R) Core(TM) i7-8550U CPU @ 1.80GHz, 8 cores, 15G,  Windows 10 , 64 bit Build 19041 (10.0.19041.928)
Time: Wed Apr 28 18:54:51 2021 W. Europe Summer Time elapsed time: 103 seconds (0d 0h 1m 43s)

---------------  T H R E A D  ---------------

Current thread (0x000001cf3b465800):  VMThread "VM Thread" [stack: 0x000000a692a00000,0x000000a692b00000] [id=19656]

Stack: [0x000000a692a00000,0x000000a692b00000],  sp=0x000000a692afee10,  free space=1019k
Native frames: (J=compiled Java code, j=interpreted, Vv=VM code, C=native code)
V  [jvm.dll+0x3422bc]
V  [jvm.dll+0x344811]
V  [jvm.dll+0x3450de]
V  [jvm.dll+0x34255c]
V  [jvm.dll+0x341822]
V  [jvm.dll+0x6259e5]
V  [jvm.dll+0x62576d]
V  [jvm.dll+0x5eb1fa]
V  [jvm.dll+0x502437]
V  [jvm.dll+0x77d60c]
V  [jvm.dll+0x77bad7]
V  [jvm.dll+0x77c300]
V  [jvm.dll+0x77c607]
V  [jvm.dll+0x733905]
V  [jvm.dll+0x635846]
C  [ucrtbase.dll+0x21bb2]
C  [KERNEL32.DLL+0x17034]
C  [ntdll.dll+0x52651]


siginfo: EXCEPTION_ACCESS_VIOLATION (0xc0000005), reading address 0x0000000000000006


Register to memory mapping:

RIP=0x00007ff9cd7122bc jvm.dll
RAX=0x0 is NULL
RBX=0x000000a692aff090 points into unknown readable memory: 18 41 c9 cd f9 7f 00 00
RCX=0x0 is NULL
RDX=0x0 is NULL
RSP=0x000000a692afee10 points into unknown readable memory: 60 ee af 92 a6 00 00 00
RBP=0x0 is NULL
RSI=0x0000000000000001 is an unknown value
RDI=0x00007ff9cde27f88 jvm.dll
R8 =0x0 is NULL
R9 =0x000001cf3e3c0a78 is pointing into metadata
R10=0x00007ff9cd3d0000 jvm.dll
R11=0x000000a692afee70 points into unknown readable memory: 90 f0 af 92 a6 00 00 00
R12=0x000001cf3b423340 points into unknown readable memory: 00 33 42 3b 00 00 00 00
R13=0x0 is NULL
R14=0x000001cf3e3c14e4 is pointing into metadata
R15=0x00000000000000bc is an unknown value


Registers:
RAX=0x0000000000000000, RBX=0x000000a692aff090, RCX=0x0000000000000000, RDX=0x0000000000000000
RSP=0x000000a692afee10, RBP=0x0000000000000000, RSI=0x0000000000000001, RDI=0x00007ff9cde27f88
R8 =0x0000000000000000, R9 =0x000001cf3e3c0a78, R10=0x00007ff9cd3d0000, R11=0x000000a692afee70
R12=0x000001cf3b423340, R13=0x0000000000000000, R14=0x000001cf3e3c14e4, R15=0x00000000000000bc
RIP=0x00007ff9cd7122bc, EFLAGS=0x0000000000010206

Top of Stack: (sp=0x000000a692afee10)
0x000000a692afee10:   000000a692afee60 00007ff9cd716613
0x000000a692afee20:   000001cf3b423340 00000000000000bb
0x000000a692afee30:   000001cf3e3c15c8 000001cf3b465800
0x000000a692afee40:   8fffffff4600004f 8fffffff8fffffff
0x000000a692afee50:   00009837ae7584dd 00009837ae7584ed
0x000000a692afee60:   000001cf3e3c14e4 000000a692afeef0
0x000000a692afee70:   000000a692aff090 00007ff9cd714811
0x000000a692afee80:   000001cf3e3c14e3 0000000000000054
0x000000a692afee90:   000000a692afef20 000001cf3e3c14e2
0x000000a692afeea0:   000000a600000054 000000a692afef20
0x000000a692afeeb0:   00000000000000bc 00000000000000b4
0x000000a692afeec0:   00000000000000b4 00007ff9cd7150de
0x000000a692afeed0:   000000a692aff090 000000a692afef20
0x000000a692afeee0:   000001cf3e3c14e4 6666666666666667
0x000000a692afeef0:   000001cf3e3c15c8 000001cf3b465800
0x000000a692afef00:   0000005700000054 000000b4000000bc 

Instructions: (pc=0x00007ff9cd7122bc)
0x00007ff9cd71229c:   8b cf e8 4d 53 f1 ff 8b d0 48 8b cf e8 a3 83 f1
0x00007ff9cd7122ac:   ff 48 63 c8 48 8b 44 cf 40 48 8d 3d cc 5c 71 00
0x00007ff9cd7122bc:   0f b6 48 06 8b 05 be 5c 71 00 80 f9 4c 74 2b 80
0x00007ff9cd7122cc:   f9 5b 74 26 80 f9 4a 74 18 80 f9 44 74 13 80 f9 


Stack slot to memory mapping:
stack at sp + 0 slots: 0x000000a692afee60 points into unknown readable memory: e4 14 3c 3e cf 01 00 00
stack at sp + 1 slots: 0x00007ff9cd716613 jvm.dll
stack at sp + 2 slots: 0x000001cf3b423340 points into unknown readable memory: 00 33 42 3b 00 00 00 00
stack at sp + 3 slots: 0x00000000000000bb is an unknown value
stack at sp + 4 slots: {method} {0x000001cf3e3c15d0} 'Should_Write_File_As_Raw_String' '()V' in 'com/training/patterns/TestFileDataSource'
stack at sp + 5 slots: 0x000001cf3b465800 points into unknown readable memory: 08 82 cc cd f9 7f 00 00
stack at sp + 6 slots: 0x8fffffff4600004f is an unknown value
stack at sp + 7 slots: 0x8fffffff8fffffff is an unknown value

VM_Operation (0x000000a6932ff4d0): GetOrSetLocal, mode: safepoint, requested by thread 0x000001cf3bf1d800


---------------  P R O C E S S  ---------------

Threads class SMR info:
_java_thread_list=0x000001cf3d00b9c0, length=14, elements={
0x000001cf1749a800, 0x000001cf3b467000, 0x000001cf3b468800, 0x000001cf3bd7e800,
0x000001cf3bd80000, 0x000001cf3bd83000, 0x000001cf3bd8c000, 0x000001cf3bd35800,
0x000001cf3bf1d800, 0x000001cf3bf29000, 0x000001cf3bf1e800, 0x000001cf3bf36800,
0x000001cf3bf41000, 0x000001cf3c09e800
}

Java Threads: ( => current thread )
  0x000001cf1749a800 JavaThread "main" [_thread_blocked, id=19976, stack(0x000000a692400000,0x000000a692500000)]
  0x000001cf3b467000 JavaThread "Reference Handler" daemon [_thread_blocked, id=12756, stack(0x000000a692b00000,0x000000a692c00000)]
  0x000001cf3b468800 JavaThread "Finalizer" daemon [_thread_blocked, id=23572, stack(0x000000a692c00000,0x000000a692d00000)]
  0x000001cf3bd7e800 JavaThread "Signal Dispatcher" daemon [_thread_blocked, id=14436, stack(0x000000a692d00000,0x000000a692e00000)]
  0x000001cf3bd80000 JavaThread "Attach Listener" daemon [_thread_blocked, id=740, stack(0x000000a692e00000,0x000000a692f00000)]
  0x000001cf3bd83000 JavaThread "C2 CompilerThread0" daemon [_thread_blocked, id=24468, stack(0x000000a692f00000,0x000000a693000000)]
  0x000001cf3bd8c000 JavaThread "C1 CompilerThread0" daemon [_thread_blocked, id=20064, stack(0x000000a693000000,0x000000a693100000)]
  0x000001cf3bd35800 JavaThread "Sweeper thread" daemon [_thread_blocked, id=22800, stack(0x000000a693100000,0x000000a693200000)]
  0x000001cf3bf1d800 JavaThread "JDWP Transport Listener: dt_socket" daemon [_thread_blocked, id=4844, stack(0x000000a693200000,0x000000a693300000)] _threads_hazard_ptr=0x000001cf3d00b9c0
  0x000001cf3bf29000 JavaThread "JDWP Event Helper Thread" daemon [_thread_blocked, id=10740, stack(0x000000a693300000,0x000000a693400000)]
  0x000001cf3bf1e800 JavaThread "JDWP Command Reader" daemon [_thread_in_native, id=21336, stack(0x000000a693400000,0x000000a693500000)]
  0x000001cf3bf36800 JavaThread "Service Thread" daemon [_thread_blocked, id=4564, stack(0x000000a693500000,0x000000a693600000)]
  0x000001cf3bf41000 JavaThread "Common-Cleaner" daemon [_thread_blocked, id=13680, stack(0x000000a693700000,0x000000a693800000)]
  0x000001cf3c09e800 JavaThread "ReaderThread" [_thread_in_native, id=1600, stack(0x000000a693900000,0x000000a693a00000)]

Other Threads:
=>0x000001cf3b465800 VMThread "VM Thread" [stack: 0x000000a692a00000,0x000000a692b00000] [id=19656]
  0x000001cf3bf3b000 WatcherThread [stack: 0x000000a693600000,0x000000a693700000] [id=20032]
  0x000001cf174af000 GCTaskThread "GC Thread#0" [stack: 0x000000a692500000,0x000000a692600000] [id=22384]
  0x000001cf3cf64000 GCTaskThread "GC Thread#1" [stack: 0x000000a693b00000,0x000000a693c00000] [id=20412]
  0x000001cf3cf62000 GCTaskThread "GC Thread#2" [stack: 0x000000a693c00000,0x000000a693d00000] [id=16172]
  0x000001cf3cf65800 GCTaskThread "GC Thread#3" [stack: 0x000000a693d00000,0x000000a693e00000] [id=22908]
  0x000001cf3cf65000 GCTaskThread "GC Thread#4" [stack: 0x000000a693e00000,0x000000a693f00000] [id=22596]
  0x000001cf3cf67000 GCTaskThread "GC Thread#5" [stack: 0x000000a693f00000,0x000000a694000000] [id=10532]
  0x000001cf1750c000 ConcurrentGCThread "G1 Main Marker" [stack: 0x000000a692600000,0x000000a692700000] [id=16936]
  0x000001cf17515800 ConcurrentGCThread "G1 Conc#0" [stack: 0x000000a692700000,0x000000a692800000] [id=12260]
  0x000001cf3b352800 ConcurrentGCThread "G1 Refine#0" [stack: 0x000000a692800000,0x000000a692900000] [id=21436]
  0x000001cf3b353000 ConcurrentGCThread "G1 Young RemSet Sampling" [stack: 0x000000a692900000,0x000000a692a00000] [id=11220]

Threads with active compile tasks:

VM state:at safepoint (normal execution)

VM Mutex/Monitor currently owned by a thread:  ([mutex/lock_event])
[0x000001cf174968c0] Threads_lock - owner thread: 0x000001cf3b465800

Heap address: 0x0000000702c00000, size: 4052 MB, Compressed Oops mode: Zero based, Oop shift amount: 3
Narrow klass base: 0x0000000800000000, Narrow klass shift: 0
Compressed class space size: 1073741824 Address: 0x0000000800000000

Heap:
 garbage-first heap   total 260096K, used 10205K [0x0000000702c00000, 0x0000000800000000)
  region size 1024K, 10 young (10240K), 3 survivors (3072K)
 Metaspace       used 20136K, capacity 20408K, committed 20608K, reserved 1067008K
  class space    used 2055K, capacity 2158K, committed 2176K, reserved 1048576K
Heap Regions: E=young(eden), S=young(survivor), O=old, HS=humongous(starts), HC=humongous(continues), CS=collection set, F=free, A=archive, TAMS=top-at-mark-start (previous, next)
|   0|0x0000000702c00000, 0x0000000702cf7600, 0x0000000702d00000| 96%| O|  |TAMS 0x0000000702c00000, 0x0000000702c00000| Untracked 
|   1|0x0000000702d00000, 0x0000000702d00000, 0x0000000702e00000|  0%| F|  |TAMS 0x0000000702d00000, 0x0000000702d00000| Untracked 
|   2|0x0000000702e00000, 0x0000000702e00000, 0x0000000702f00000|  0%| F|  |TAMS 0x0000000702e00000, 0x0000000702e00000| Untracked 
|   3|0x0000000702f00000, 0x0000000702f00000, 0x0000000703000000|  0%| F|  |TAMS 0x0000000702f00000, 0x0000000702f00000| Untracked 
|   4|0x0000000703000000, 0x0000000703000000, 0x0000000703100000|  0%| F|  |TAMS 0x0000000703000000, 0x0000000703000000| Untracked 
|   5|0x0000000703100000, 0x0000000703100000, 0x0000000703200000|  0%| F|  |TAMS 0x0000000703100000, 0x0000000703100000| Untracked 
|   6|0x0000000703200000, 0x0000000703200000, 0x0000000703300000|  0%| F|  |TAMS 0x0000000703200000, 0x0000000703200000| Untracked 
|   7|0x0000000703300000, 0x0000000703300000, 0x0000000703400000|  0%| F|  |TAMS 0x0000000703300000, 0x0000000703300000| Untracked 
|   8|0x0000000703400000, 0x0000000703400000, 0x0000000703500000|  0%| F|  |TAMS 0x0000000703400000, 0x0000000703400000| Untracked 
|   9|0x0000000703500000, 0x0000000703500000, 0x0000000703600000|  0%| F|  |TAMS 0x0000000703500000, 0x0000000703500000| Untracked 
|  10|0x0000000703600000, 0x0000000703600000, 0x0000000703700000|  0%| F|  |TAMS 0x0000000703600000, 0x0000000703600000| Untracked 
|  11|0x0000000703700000, 0x0000000703700000, 0x0000000703800000|  0%| F|  |TAMS 0x0000000703700000, 0x0000000703700000| Untracked 
|  12|0x0000000703800000, 0x0000000703800000, 0x0000000703900000|  0%| F|  |TAMS 0x0000000703800000, 0x0000000703800000| Untracked 
|  13|0x0000000703900000, 0x0000000703900000, 0x0000000703a00000|  0%| F|  |TAMS 0x0000000703900000, 0x0000000703900000| Untracked 
|  14|0x0000000703a00000, 0x0000000703a00000, 0x0000000703b00000|  0%| F|  |TAMS 0x0000000703a00000, 0x0000000703a00000| Untracked 
|  15|0x0000000703b00000, 0x0000000703b00000, 0x0000000703c00000|  0%| F|  |TAMS 0x0000000703b00000, 0x0000000703b00000| Untracked 
|  16|0x0000000703c00000, 0x0000000703c00000, 0x0000000703d00000|  0%| F|  |TAMS 0x0000000703c00000, 0x0000000703c00000| Untracked 
|  17|0x0000000703d00000, 0x0000000703d00000, 0x0000000703e00000|  0%| F|  |TAMS 0x0000000703d00000, 0x0000000703d00000| Untracked 
|  18|0x0000000703e00000, 0x0000000703e00000, 0x0000000703f00000|  0%| F|  |TAMS 0x0000000703e00000, 0x0000000703e00000| Untracked 
|  19|0x0000000703f00000, 0x0000000703f00000, 0x0000000704000000|  0%| F|  |TAMS 0x0000000703f00000, 0x0000000703f00000| Untracked 
|  20|0x0000000704000000, 0x0000000704000000, 0x0000000704100000|  0%| F|  |TAMS 0x0000000704000000, 0x0000000704000000| Untracked 
|  21|0x0000000704100000, 0x0000000704100000, 0x0000000704200000|  0%| F|  |TAMS 0x0000000704100000, 0x0000000704100000| Untracked 
|  22|0x0000000704200000, 0x0000000704200000, 0x0000000704300000|  0%| F|  |TAMS 0x0000000704200000, 0x0000000704200000| Untracked 
|  23|0x0000000704300000, 0x0000000704300000, 0x0000000704400000|  0%| F|  |TAMS 0x0000000704300000, 0x0000000704300000| Untracked 
|  24|0x0000000704400000, 0x0000000704400000, 0x0000000704500000|  0%| F|  |TAMS 0x0000000704400000, 0x0000000704400000| Untracked 
|  25|0x0000000704500000, 0x0000000704500000, 0x0000000704600000|  0%| F|  |TAMS 0x0000000704500000, 0x0000000704500000| Untracked 
|  26|0x0000000704600000, 0x0000000704600000, 0x0000000704700000|  0%| F|  |TAMS 0x0000000704600000, 0x0000000704600000| Untracked 
|  27|0x0000000704700000, 0x0000000704700000, 0x0000000704800000|  0%| F|  |TAMS 0x0000000704700000, 0x0000000704700000| Untracked 
|  28|0x0000000704800000, 0x0000000704800000, 0x0000000704900000|  0%| F|  |TAMS 0x0000000704800000, 0x0000000704800000| Untracked 
|  29|0x0000000704900000, 0x0000000704900000, 0x0000000704a00000|  0%| F|  |TAMS 0x0000000704900000, 0x0000000704900000| Untracked 
|  30|0x0000000704a00000, 0x0000000704a00000, 0x0000000704b00000|  0%| F|  |TAMS 0x0000000704a00000, 0x0000000704a00000| Untracked 
|  31|0x0000000704b00000, 0x0000000704b00000, 0x0000000704c00000|  0%| F|  |TAMS 0x0000000704b00000, 0x0000000704b00000| Untracked 
|  32|0x0000000704c00000, 0x0000000704c00000, 0x0000000704d00000|  0%| F|  |TAMS 0x0000000704c00000, 0x0000000704c00000| Untracked 
|  33|0x0000000704d00000, 0x0000000704d00000, 0x0000000704e00000|  0%| F|  |TAMS 0x0000000704d00000, 0x0000000704d00000| Untracked 
|  34|0x0000000704e00000, 0x0000000704e00000, 0x0000000704f00000|  0%| F|  |TAMS 0x0000000704e00000, 0x0000000704e00000| Untracked 
|  35|0x0000000704f00000, 0x0000000704f00000, 0x0000000705000000|  0%| F|  |TAMS 0x0000000704f00000, 0x0000000704f00000| Untracked 
|  36|0x0000000705000000, 0x0000000705000000, 0x0000000705100000|  0%| F|  |TAMS 0x0000000705000000, 0x0000000705000000| Untracked 
|  37|0x0000000705100000, 0x0000000705100000, 0x0000000705200000|  0%| F|  |TAMS 0x0000000705100000, 0x0000000705100000| Untracked 
|  38|0x0000000705200000, 0x0000000705200000, 0x0000000705300000|  0%| F|  |TAMS 0x0000000705200000, 0x0000000705200000| Untracked 
|  39|0x0000000705300000, 0x0000000705300000, 0x0000000705400000|  0%| F|  |TAMS 0x0000000705300000, 0x0000000705300000| Untracked 
|  40|0x0000000705400000, 0x0000000705400000, 0x0000000705500000|  0%| F|  |TAMS 0x0000000705400000, 0x0000000705400000| Untracked 
|  41|0x0000000705500000, 0x0000000705500000, 0x0000000705600000|  0%| F|  |TAMS 0x0000000705500000, 0x0000000705500000| Untracked 
|  42|0x0000000705600000, 0x0000000705600000, 0x0000000705700000|  0%| F|  |TAMS 0x0000000705600000, 0x0000000705600000| Untracked 
|  43|0x0000000705700000, 0x0000000705700000, 0x0000000705800000|  0%| F|  |TAMS 0x0000000705700000, 0x0000000705700000| Untracked 
|  44|0x0000000705800000, 0x0000000705800000, 0x0000000705900000|  0%| F|  |TAMS 0x0000000705800000, 0x0000000705800000| Untracked 
|  45|0x0000000705900000, 0x0000000705900000, 0x0000000705a00000|  0%| F|  |TAMS 0x0000000705900000, 0x0000000705900000| Untracked 
|  46|0x0000000705a00000, 0x0000000705a00000, 0x0000000705b00000|  0%| F|  |TAMS 0x0000000705a00000, 0x0000000705a00000| Untracked 
|  47|0x0000000705b00000, 0x0000000705b00000, 0x0000000705c00000|  0%| F|  |TAMS 0x0000000705b00000, 0x0000000705b00000| Untracked 
|  48|0x0000000705c00000, 0x0000000705c00000, 0x0000000705d00000|  0%| F|  |TAMS 0x0000000705c00000, 0x0000000705c00000| Untracked 
|  49|0x0000000705d00000, 0x0000000705d00000, 0x0000000705e00000|  0%| F|  |TAMS 0x0000000705d00000, 0x0000000705d00000| Untracked 
|  50|0x0000000705e00000, 0x0000000705e00000, 0x0000000705f00000|  0%| F|  |TAMS 0x0000000705e00000, 0x0000000705e00000| Untracked 
|  51|0x0000000705f00000, 0x0000000705f00000, 0x0000000706000000|  0%| F|  |TAMS 0x0000000705f00000, 0x0000000705f00000| Untracked 
|  52|0x0000000706000000, 0x0000000706000000, 0x0000000706100000|  0%| F|  |TAMS 0x0000000706000000, 0x0000000706000000| Untracked 
|  53|0x0000000706100000, 0x0000000706100000, 0x0000000706200000|  0%| F|  |TAMS 0x0000000706100000, 0x0000000706100000| Untracked 
|  54|0x0000000706200000, 0x0000000706200000, 0x0000000706300000|  0%| F|  |TAMS 0x0000000706200000, 0x0000000706200000| Untracked 
|  55|0x0000000706300000, 0x0000000706300000, 0x0000000706400000|  0%| F|  |TAMS 0x0000000706300000, 0x0000000706300000| Untracked 
|  56|0x0000000706400000, 0x0000000706400000, 0x0000000706500000|  0%| F|  |TAMS 0x0000000706400000, 0x0000000706400000| Untracked 
|  57|0x0000000706500000, 0x0000000706500000, 0x0000000706600000|  0%| F|  |TAMS 0x0000000706500000, 0x0000000706500000| Untracked 
|  58|0x0000000706600000, 0x0000000706600000, 0x0000000706700000|  0%| F|  |TAMS 0x0000000706600000, 0x0000000706600000| Untracked 
|  59|0x0000000706700000, 0x0000000706700000, 0x0000000706800000|  0%| F|  |TAMS 0x0000000706700000, 0x0000000706700000| Untracked 
|  60|0x0000000706800000, 0x0000000706800000, 0x0000000706900000|  0%| F|  |TAMS 0x0000000706800000, 0x0000000706800000| Untracked 
|  61|0x0000000706900000, 0x0000000706900000, 0x0000000706a00000|  0%| F|  |TAMS 0x0000000706900000, 0x0000000706900000| Untracked 
|  62|0x0000000706a00000, 0x0000000706a00000, 0x0000000706b00000|  0%| F|  |TAMS 0x0000000706a00000, 0x0000000706a00000| Untracked 
|  63|0x0000000706b00000, 0x0000000706b00000, 0x0000000706c00000|  0%| F|  |TAMS 0x0000000706b00000, 0x0000000706b00000| Untracked 
|  64|0x0000000706c00000, 0x0000000706c00000, 0x0000000706d00000|  0%| F|  |TAMS 0x0000000706c00000, 0x0000000706c00000| Untracked 
|  65|0x0000000706d00000, 0x0000000706d00000, 0x0000000706e00000|  0%| F|  |TAMS 0x0000000706d00000, 0x0000000706d00000| Untracked 
|  66|0x0000000706e00000, 0x0000000706e00000, 0x0000000706f00000|  0%| F|  |TAMS 0x0000000706e00000, 0x0000000706e00000| Untracked 
|  67|0x0000000706f00000, 0x0000000706f00000, 0x0000000707000000|  0%| F|  |TAMS 0x0000000706f00000, 0x0000000706f00000| Untracked 
|  68|0x0000000707000000, 0x0000000707000000, 0x0000000707100000|  0%| F|  |TAMS 0x0000000707000000, 0x0000000707000000| Untracked 
|  69|0x0000000707100000, 0x0000000707100000, 0x0000000707200000|  0%| F|  |TAMS 0x0000000707100000, 0x0000000707100000| Untracked 
|  70|0x0000000707200000, 0x0000000707200000, 0x0000000707300000|  0%| F|  |TAMS 0x0000000707200000, 0x0000000707200000| Untracked 
|  71|0x0000000707300000, 0x0000000707300000, 0x0000000707400000|  0%| F|  |TAMS 0x0000000707300000, 0x0000000707300000| Untracked 
|  72|0x0000000707400000, 0x0000000707400000, 0x0000000707500000|  0%| F|  |TAMS 0x0000000707400000, 0x0000000707400000| Untracked 
|  73|0x0000000707500000, 0x0000000707500000, 0x0000000707600000|  0%| F|  |TAMS 0x0000000707500000, 0x0000000707500000| Untracked 
|  74|0x0000000707600000, 0x0000000707600000, 0x0000000707700000|  0%| F|  |TAMS 0x0000000707600000, 0x0000000707600000| Untracked 
|  75|0x0000000707700000, 0x0000000707700000, 0x0000000707800000|  0%| F|  |TAMS 0x0000000707700000, 0x0000000707700000| Untracked 
|  76|0x0000000707800000, 0x0000000707800000, 0x0000000707900000|  0%| F|  |TAMS 0x0000000707800000, 0x0000000707800000| Untracked 
|  77|0x0000000707900000, 0x0000000707900000, 0x0000000707a00000|  0%| F|  |TAMS 0x0000000707900000, 0x0000000707900000| Untracked 
|  78|0x0000000707a00000, 0x0000000707a00000, 0x0000000707b00000|  0%| F|  |TAMS 0x0000000707a00000, 0x0000000707a00000| Untracked 
|  79|0x0000000707b00000, 0x0000000707b00000, 0x0000000707c00000|  0%| F|  |TAMS 0x0000000707b00000, 0x0000000707b00000| Untracked 
|  80|0x0000000707c00000, 0x0000000707c00000, 0x0000000707d00000|  0%| F|  |TAMS 0x0000000707c00000, 0x0000000707c00000| Untracked 
|  81|0x0000000707d00000, 0x0000000707d00000, 0x0000000707e00000|  0%| F|  |TAMS 0x0000000707d00000, 0x0000000707d00000| Untracked 
|  82|0x0000000707e00000, 0x0000000707e00000, 0x0000000707f00000|  0%| F|  |TAMS 0x0000000707e00000, 0x0000000707e00000| Untracked 
|  83|0x0000000707f00000, 0x0000000707f00000, 0x0000000708000000|  0%| F|  |TAMS 0x0000000707f00000, 0x0000000707f00000| Untracked 
|  84|0x0000000708000000, 0x0000000708000000, 0x0000000708100000|  0%| F|  |TAMS 0x0000000708000000, 0x0000000708000000| Untracked 
|  85|0x0000000708100000, 0x0000000708100000, 0x0000000708200000|  0%| F|  |TAMS 0x0000000708100000, 0x0000000708100000| Untracked 
|  86|0x0000000708200000, 0x0000000708200000, 0x0000000708300000|  0%| F|  |TAMS 0x0000000708200000, 0x0000000708200000| Untracked 
|  87|0x0000000708300000, 0x0000000708300000, 0x0000000708400000|  0%| F|  |TAMS 0x0000000708300000, 0x0000000708300000| Untracked 
|  88|0x0000000708400000, 0x0000000708400000, 0x0000000708500000|  0%| F|  |TAMS 0x0000000708400000, 0x0000000708400000| Untracked 
|  89|0x0000000708500000, 0x0000000708500000, 0x0000000708600000|  0%| F|  |TAMS 0x0000000708500000, 0x0000000708500000| Untracked 
|  90|0x0000000708600000, 0x0000000708600000, 0x0000000708700000|  0%| F|  |TAMS 0x0000000708600000, 0x0000000708600000| Untracked 
|  91|0x0000000708700000, 0x0000000708700000, 0x0000000708800000|  0%| F|  |TAMS 0x0000000708700000, 0x0000000708700000| Untracked 
|  92|0x0000000708800000, 0x0000000708800000, 0x0000000708900000|  0%| F|  |TAMS 0x0000000708800000, 0x0000000708800000| Untracked 
|  93|0x0000000708900000, 0x0000000708900000, 0x0000000708a00000|  0%| F|  |TAMS 0x0000000708900000, 0x0000000708900000| Untracked 
|  94|0x0000000708a00000, 0x0000000708a00000, 0x0000000708b00000|  0%| F|  |TAMS 0x0000000708a00000, 0x0000000708a00000| Untracked 
|  95|0x0000000708b00000, 0x0000000708b00000, 0x0000000708c00000|  0%| F|  |TAMS 0x0000000708b00000, 0x0000000708b00000| Untracked 
|  96|0x0000000708c00000, 0x0000000708c00000, 0x0000000708d00000|  0%| F|  |TAMS 0x0000000708c00000, 0x0000000708c00000| Untracked 
|  97|0x0000000708d00000, 0x0000000708d00000, 0x0000000708e00000|  0%| F|  |TAMS 0x0000000708d00000, 0x0000000708d00000| Untracked 
|  98|0x0000000708e00000, 0x0000000708e00000, 0x0000000708f00000|  0%| F|  |TAMS 0x0000000708e00000, 0x0000000708e00000| Untracked 
|  99|0x0000000708f00000, 0x0000000708f00000, 0x0000000709000000|  0%| F|  |TAMS 0x0000000708f00000, 0x0000000708f00000| Untracked 
| 100|0x0000000709000000, 0x0000000709000000, 0x0000000709100000|  0%| F|  |TAMS 0x0000000709000000, 0x0000000709000000| Untracked 
| 101|0x0000000709100000, 0x0000000709100000, 0x0000000709200000|  0%| F|  |TAMS 0x0000000709100000, 0x0000000709100000| Untracked 
| 102|0x0000000709200000, 0x0000000709200000, 0x0000000709300000|  0%| F|  |TAMS 0x0000000709200000, 0x0000000709200000| Untracked 
| 103|0x0000000709300000, 0x0000000709300000, 0x0000000709400000|  0%| F|  |TAMS 0x0000000709300000, 0x0000000709300000| Untracked 
| 104|0x0000000709400000, 0x0000000709400000, 0x0000000709500000|  0%| F|  |TAMS 0x0000000709400000, 0x0000000709400000| Untracked 
| 105|0x0000000709500000, 0x0000000709500000, 0x0000000709600000|  0%| F|  |TAMS 0x0000000709500000, 0x0000000709500000| Untracked 
| 106|0x0000000709600000, 0x0000000709600000, 0x0000000709700000|  0%| F|  |TAMS 0x0000000709600000, 0x0000000709600000| Untracked 
| 107|0x0000000709700000, 0x0000000709700000, 0x0000000709800000|  0%| F|  |TAMS 0x0000000709700000, 0x0000000709700000| Untracked 
| 108|0x0000000709800000, 0x0000000709800000, 0x0000000709900000|  0%| F|  |TAMS 0x0000000709800000, 0x0000000709800000| Untracked 
| 109|0x0000000709900000, 0x0000000709900000, 0x0000000709a00000|  0%| F|  |TAMS 0x0000000709900000, 0x0000000709900000| Untracked 
| 110|0x0000000709a00000, 0x0000000709a00000, 0x0000000709b00000|  0%| F|  |TAMS 0x0000000709a00000, 0x0000000709a00000| Untracked 
| 111|0x0000000709b00000, 0x0000000709b00000, 0x0000000709c00000|  0%| F|  |TAMS 0x0000000709b00000, 0x0000000709b00000| Untracked 
| 112|0x0000000709c00000, 0x0000000709c00000, 0x0000000709d00000|  0%| F|  |TAMS 0x0000000709c00000, 0x0000000709c00000| Untracked 
| 113|0x0000000709d00000, 0x0000000709d00000, 0x0000000709e00000|  0%| F|  |TAMS 0x0000000709d00000, 0x0000000709d00000| Untracked 
| 114|0x0000000709e00000, 0x0000000709e00000, 0x0000000709f00000|  0%| F|  |TAMS 0x0000000709e00000, 0x0000000709e00000| Untracked 
| 115|0x0000000709f00000, 0x0000000709f00000, 0x000000070a000000|  0%| F|  |TAMS 0x0000000709f00000, 0x0000000709f00000| Untracked 
| 116|0x000000070a000000, 0x000000070a000000, 0x000000070a100000|  0%| F|  |TAMS 0x000000070a000000, 0x000000070a000000| Untracked 
| 117|0x000000070a100000, 0x000000070a100000, 0x000000070a200000|  0%| F|  |TAMS 0x000000070a100000, 0x000000070a100000| Untracked 
| 118|0x000000070a200000, 0x000000070a200000, 0x000000070a300000|  0%| F|  |TAMS 0x000000070a200000, 0x000000070a200000| Untracked 
| 119|0x000000070a300000, 0x000000070a300000, 0x000000070a400000|  0%| F|  |TAMS 0x000000070a300000, 0x000000070a300000| Untracked 
| 120|0x000000070a400000, 0x000000070a400000, 0x000000070a500000|  0%| F|  |TAMS 0x000000070a400000, 0x000000070a400000| Untracked 
| 121|0x000000070a500000, 0x000000070a500000, 0x000000070a600000|  0%| F|  |TAMS 0x000000070a500000, 0x000000070a500000| Untracked 
| 122|0x000000070a600000, 0x000000070a600000, 0x000000070a700000|  0%| F|  |TAMS 0x000000070a600000, 0x000000070a600000| Untracked 
| 123|0x000000070a700000, 0x000000070a700000, 0x000000070a800000|  0%| F|  |TAMS 0x000000070a700000, 0x000000070a700000| Untracked 
| 124|0x000000070a800000, 0x000000070a800000, 0x000000070a900000|  0%| F|  |TAMS 0x000000070a800000, 0x000000070a800000| Untracked 
| 125|0x000000070a900000, 0x000000070a900000, 0x000000070aa00000|  0%| F|  |TAMS 0x000000070a900000, 0x000000070a900000| Untracked 
| 126|0x000000070aa00000, 0x000000070aa00000, 0x000000070ab00000|  0%| F|  |TAMS 0x000000070aa00000, 0x000000070aa00000| Untracked 
| 127|0x000000070ab00000, 0x000000070ab00000, 0x000000070ac00000|  0%| F|  |TAMS 0x000000070ab00000, 0x000000070ab00000| Untracked 
| 128|0x000000070ac00000, 0x000000070ac00000, 0x000000070ad00000|  0%| F|  |TAMS 0x000000070ac00000, 0x000000070ac00000| Untracked 
| 129|0x000000070ad00000, 0x000000070ad00000, 0x000000070ae00000|  0%| F|  |TAMS 0x000000070ad00000, 0x000000070ad00000| Untracked 
| 130|0x000000070ae00000, 0x000000070ae00000, 0x000000070af00000|  0%| F|  |TAMS 0x000000070ae00000, 0x000000070ae00000| Untracked 
| 131|0x000000070af00000, 0x000000070af00000, 0x000000070b000000|  0%| F|  |TAMS 0x000000070af00000, 0x000000070af00000| Untracked 
| 132|0x000000070b000000, 0x000000070b000000, 0x000000070b100000|  0%| F|  |TAMS 0x000000070b000000, 0x000000070b000000| Untracked 
| 133|0x000000070b100000, 0x000000070b100000, 0x000000070b200000|  0%| F|  |TAMS 0x000000070b100000, 0x000000070b100000| Untracked 
| 134|0x000000070b200000, 0x000000070b200000, 0x000000070b300000|  0%| F|  |TAMS 0x000000070b200000, 0x000000070b200000| Untracked 
| 135|0x000000070b300000, 0x000000070b300000, 0x000000070b400000|  0%| F|  |TAMS 0x000000070b300000, 0x000000070b300000| Untracked 
| 136|0x000000070b400000, 0x000000070b400000, 0x000000070b500000|  0%| F|  |TAMS 0x000000070b400000, 0x000000070b400000| Untracked 
| 137|0x000000070b500000, 0x000000070b500000, 0x000000070b600000|  0%| F|  |TAMS 0x000000070b500000, 0x000000070b500000| Untracked 
| 138|0x000000070b600000, 0x000000070b600000, 0x000000070b700000|  0%| F|  |TAMS 0x000000070b600000, 0x000000070b600000| Untracked 
| 139|0x000000070b700000, 0x000000070b700000, 0x000000070b800000|  0%| F|  |TAMS 0x000000070b700000, 0x000000070b700000| Untracked 
| 140|0x000000070b800000, 0x000000070b800000, 0x000000070b900000|  0%| F|  |TAMS 0x000000070b800000, 0x000000070b800000| Untracked 
| 141|0x000000070b900000, 0x000000070b900000, 0x000000070ba00000|  0%| F|  |TAMS 0x000000070b900000, 0x000000070b900000| Untracked 
| 142|0x000000070ba00000, 0x000000070ba00000, 0x000000070bb00000|  0%| F|  |TAMS 0x000000070ba00000, 0x000000070ba00000| Untracked 
| 143|0x000000070bb00000, 0x000000070bb00000, 0x000000070bc00000|  0%| F|  |TAMS 0x000000070bb00000, 0x000000070bb00000| Untracked 
| 144|0x000000070bc00000, 0x000000070bc00000, 0x000000070bd00000|  0%| F|  |TAMS 0x000000070bc00000, 0x000000070bc00000| Untracked 
| 145|0x000000070bd00000, 0x000000070bd00000, 0x000000070be00000|  0%| F|  |TAMS 0x000000070bd00000, 0x000000070bd00000| Untracked 
| 146|0x000000070be00000, 0x000000070be00000, 0x000000070bf00000|  0%| F|  |TAMS 0x000000070be00000, 0x000000070be00000| Untracked 
| 147|0x000000070bf00000, 0x000000070bf00000, 0x000000070c000000|  0%| F|  |TAMS 0x000000070bf00000, 0x000000070bf00000| Untracked 
| 148|0x000000070c000000, 0x000000070c000000, 0x000000070c100000|  0%| F|  |TAMS 0x000000070c000000, 0x000000070c000000| Untracked 
| 149|0x000000070c100000, 0x000000070c100000, 0x000000070c200000|  0%| F|  |TAMS 0x000000070c100000, 0x000000070c100000| Untracked 
| 150|0x000000070c200000, 0x000000070c200000, 0x000000070c300000|  0%| F|  |TAMS 0x000000070c200000, 0x000000070c200000| Untracked 
| 151|0x000000070c300000, 0x000000070c300000, 0x000000070c400000|  0%| F|  |TAMS 0x000000070c300000, 0x000000070c300000| Untracked 
| 152|0x000000070c400000, 0x000000070c400000, 0x000000070c500000|  0%| F|  |TAMS 0x000000070c400000, 0x000000070c400000| Untracked 
| 153|0x000000070c500000, 0x000000070c500000, 0x000000070c600000|  0%| F|  |TAMS 0x000000070c500000, 0x000000070c500000| Untracked 
| 154|0x000000070c600000, 0x000000070c600000, 0x000000070c700000|  0%| F|  |TAMS 0x000000070c600000, 0x000000070c600000| Untracked 
| 155|0x000000070c700000, 0x000000070c700000, 0x000000070c800000|  0%| F|  |TAMS 0x000000070c700000, 0x000000070c700000| Untracked 
| 156|0x000000070c800000, 0x000000070c800000, 0x000000070c900000|  0%| F|  |TAMS 0x000000070c800000, 0x000000070c800000| Untracked 
| 157|0x000000070c900000, 0x000000070c900000, 0x000000070ca00000|  0%| F|  |TAMS 0x000000070c900000, 0x000000070c900000| Untracked 
| 158|0x000000070ca00000, 0x000000070ca00000, 0x000000070cb00000|  0%| F|  |TAMS 0x000000070ca00000, 0x000000070ca00000| Untracked 
| 159|0x000000070cb00000, 0x000000070cb00000, 0x000000070cc00000|  0%| F|  |TAMS 0x000000070cb00000, 0x000000070cb00000| Untracked 
| 160|0x000000070cc00000, 0x000000070cc00000, 0x000000070cd00000|  0%| F|  |TAMS 0x000000070cc00000, 0x000000070cc00000| Untracked 
| 161|0x000000070cd00000, 0x000000070cd00000, 0x000000070ce00000|  0%| F|  |TAMS 0x000000070cd00000, 0x000000070cd00000| Untracked 
| 162|0x000000070ce00000, 0x000000070ce00000, 0x000000070cf00000|  0%| F|  |TAMS 0x000000070ce00000, 0x000000070ce00000| Untracked 
| 163|0x000000070cf00000, 0x000000070cf00000, 0x000000070d000000|  0%| F|  |TAMS 0x000000070cf00000, 0x000000070cf00000| Untracked 
| 164|0x000000070d000000, 0x000000070d000000, 0x000000070d100000|  0%| F|  |TAMS 0x000000070d000000, 0x000000070d000000| Untracked 
| 165|0x000000070d100000, 0x000000070d100000, 0x000000070d200000|  0%| F|  |TAMS 0x000000070d100000, 0x000000070d100000| Untracked 
| 166|0x000000070d200000, 0x000000070d200000, 0x000000070d300000|  0%| F|  |TAMS 0x000000070d200000, 0x000000070d200000| Untracked 
| 167|0x000000070d300000, 0x000000070d300000, 0x000000070d400000|  0%| F|  |TAMS 0x000000070d300000, 0x000000070d300000| Untracked 
| 168|0x000000070d400000, 0x000000070d400000, 0x000000070d500000|  0%| F|  |TAMS 0x000000070d400000, 0x000000070d400000| Untracked 
| 169|0x000000070d500000, 0x000000070d500000, 0x000000070d600000|  0%| F|  |TAMS 0x000000070d500000, 0x000000070d500000| Untracked 
| 170|0x000000070d600000, 0x000000070d600000, 0x000000070d700000|  0%| F|  |TAMS 0x000000070d600000, 0x000000070d600000| Untracked 
| 171|0x000000070d700000, 0x000000070d700000, 0x000000070d800000|  0%| F|  |TAMS 0x000000070d700000, 0x000000070d700000| Untracked 
| 172|0x000000070d800000, 0x000000070d800000, 0x000000070d900000|  0%| F|  |TAMS 0x000000070d800000, 0x000000070d800000| Untracked 
| 173|0x000000070d900000, 0x000000070d900000, 0x000000070da00000|  0%| F|  |TAMS 0x000000070d900000, 0x000000070d900000| Untracked 
| 174|0x000000070da00000, 0x000000070da00000, 0x000000070db00000|  0%| F|  |TAMS 0x000000070da00000, 0x000000070da00000| Untracked 
| 175|0x000000070db00000, 0x000000070db00000, 0x000000070dc00000|  0%| F|  |TAMS 0x000000070db00000, 0x000000070db00000| Untracked 
| 176|0x000000070dc00000, 0x000000070dc00000, 0x000000070dd00000|  0%| F|  |TAMS 0x000000070dc00000, 0x000000070dc00000| Untracked 
| 177|0x000000070dd00000, 0x000000070dd00000, 0x000000070de00000|  0%| F|  |TAMS 0x000000070dd00000, 0x000000070dd00000| Untracked 
| 178|0x000000070de00000, 0x000000070de00000, 0x000000070df00000|  0%| F|  |TAMS 0x000000070de00000, 0x000000070de00000| Untracked 
| 179|0x000000070df00000, 0x000000070df00000, 0x000000070e000000|  0%| F|  |TAMS 0x000000070df00000, 0x000000070df00000| Untracked 
| 180|0x000000070e000000, 0x000000070e000000, 0x000000070e100000|  0%| F|  |TAMS 0x000000070e000000, 0x000000070e000000| Untracked 
| 181|0x000000070e100000, 0x000000070e100000, 0x000000070e200000|  0%| F|  |TAMS 0x000000070e100000, 0x000000070e100000| Untracked 
| 182|0x000000070e200000, 0x000000070e200000, 0x000000070e300000|  0%| F|  |TAMS 0x000000070e200000, 0x000000070e200000| Untracked 
| 183|0x000000070e300000, 0x000000070e300000, 0x000000070e400000|  0%| F|  |TAMS 0x000000070e300000, 0x000000070e300000| Untracked 
| 184|0x000000070e400000, 0x000000070e400000, 0x000000070e500000|  0%| F|  |TAMS 0x000000070e400000, 0x000000070e400000| Untracked 
| 185|0x000000070e500000, 0x000000070e500000, 0x000000070e600000|  0%| F|  |TAMS 0x000000070e500000, 0x000000070e500000| Untracked 
| 186|0x000000070e600000, 0x000000070e600000, 0x000000070e700000|  0%| F|  |TAMS 0x000000070e600000, 0x000000070e600000| Untracked 
| 187|0x000000070e700000, 0x000000070e700000, 0x000000070e800000|  0%| F|  |TAMS 0x000000070e700000, 0x000000070e700000| Untracked 
| 188|0x000000070e800000, 0x000000070e800000, 0x000000070e900000|  0%| F|  |TAMS 0x000000070e800000, 0x000000070e800000| Untracked 
| 189|0x000000070e900000, 0x000000070e900000, 0x000000070ea00000|  0%| F|  |TAMS 0x000000070e900000, 0x000000070e900000| Untracked 
| 190|0x000000070ea00000, 0x000000070ea00000, 0x000000070eb00000|  0%| F|  |TAMS 0x000000070ea00000, 0x000000070ea00000| Untracked 
| 191|0x000000070eb00000, 0x000000070eb00000, 0x000000070ec00000|  0%| F|  |TAMS 0x000000070eb00000, 0x000000070eb00000| Untracked 
| 192|0x000000070ec00000, 0x000000070ec00000, 0x000000070ed00000|  0%| F|  |TAMS 0x000000070ec00000, 0x000000070ec00000| Untracked 
| 193|0x000000070ed00000, 0x000000070ed00000, 0x000000070ee00000|  0%| F|  |TAMS 0x000000070ed00000, 0x000000070ed00000| Untracked 
| 194|0x000000070ee00000, 0x000000070ee00000, 0x000000070ef00000|  0%| F|  |TAMS 0x000000070ee00000, 0x000000070ee00000| Untracked 
| 195|0x000000070ef00000, 0x000000070ef00000, 0x000000070f000000|  0%| F|  |TAMS 0x000000070ef00000, 0x000000070ef00000| Untracked 
| 196|0x000000070f000000, 0x000000070f000000, 0x000000070f100000|  0%| F|  |TAMS 0x000000070f000000, 0x000000070f000000| Untracked 
| 197|0x000000070f100000, 0x000000070f100000, 0x000000070f200000|  0%| F|  |TAMS 0x000000070f100000, 0x000000070f100000| Untracked 
| 198|0x000000070f200000, 0x000000070f200000, 0x000000070f300000|  0%| F|  |TAMS 0x000000070f200000, 0x000000070f200000| Untracked 
| 199|0x000000070f300000, 0x000000070f300000, 0x000000070f400000|  0%| F|  |TAMS 0x000000070f300000, 0x000000070f300000| Untracked 
| 200|0x000000070f400000, 0x000000070f400000, 0x000000070f500000|  0%| F|  |TAMS 0x000000070f400000, 0x000000070f400000| Untracked 
| 201|0x000000070f500000, 0x000000070f500000, 0x000000070f600000|  0%| F|  |TAMS 0x000000070f500000, 0x000000070f500000| Untracked 
| 202|0x000000070f600000, 0x000000070f600000, 0x000000070f700000|  0%| F|  |TAMS 0x000000070f600000, 0x000000070f600000| Untracked 
| 203|0x000000070f700000, 0x000000070f700000, 0x000000070f800000|  0%| F|  |TAMS 0x000000070f700000, 0x000000070f700000| Untracked 
| 204|0x000000070f800000, 0x000000070f800000, 0x000000070f900000|  0%| F|  |TAMS 0x000000070f800000, 0x000000070f800000| Untracked 
| 205|0x000000070f900000, 0x000000070f900000, 0x000000070fa00000|  0%| F|  |TAMS 0x000000070f900000, 0x000000070f900000| Untracked 
| 206|0x000000070fa00000, 0x000000070fa00000, 0x000000070fb00000|  0%| F|  |TAMS 0x000000070fa00000, 0x000000070fa00000| Untracked 
| 207|0x000000070fb00000, 0x000000070fb00000, 0x000000070fc00000|  0%| F|  |TAMS 0x000000070fb00000, 0x000000070fb00000| Untracked 
| 208|0x000000070fc00000, 0x000000070fc00000, 0x000000070fd00000|  0%| F|  |TAMS 0x000000070fc00000, 0x000000070fc00000| Untracked 
| 209|0x000000070fd00000, 0x000000070fd00000, 0x000000070fe00000|  0%| F|  |TAMS 0x000000070fd00000, 0x000000070fd00000| Untracked 
| 210|0x000000070fe00000, 0x000000070fe00000, 0x000000070ff00000|  0%| F|  |TAMS 0x000000070fe00000, 0x000000070fe00000| Untracked 
| 211|0x000000070ff00000, 0x000000070ff00000, 0x0000000710000000|  0%| F|  |TAMS 0x000000070ff00000, 0x000000070ff00000| Untracked 
| 212|0x0000000710000000, 0x0000000710000000, 0x0000000710100000|  0%| F|  |TAMS 0x0000000710000000, 0x0000000710000000| Untracked 
| 213|0x0000000710100000, 0x0000000710100000, 0x0000000710200000|  0%| F|  |TAMS 0x0000000710100000, 0x0000000710100000| Untracked 
| 214|0x0000000710200000, 0x0000000710200000, 0x0000000710300000|  0%| F|  |TAMS 0x0000000710200000, 0x0000000710200000| Untracked 
| 215|0x0000000710300000, 0x0000000710300000, 0x0000000710400000|  0%| F|  |TAMS 0x0000000710300000, 0x0000000710300000| Untracked 
| 216|0x0000000710400000, 0x0000000710400000, 0x0000000710500000|  0%| F|  |TAMS 0x0000000710400000, 0x0000000710400000| Untracked 
| 217|0x0000000710500000, 0x0000000710500000, 0x0000000710600000|  0%| F|  |TAMS 0x0000000710500000, 0x0000000710500000| Untracked 
| 218|0x0000000710600000, 0x0000000710600000, 0x0000000710700000|  0%| F|  |TAMS 0x0000000710600000, 0x0000000710600000| Untracked 
| 219|0x0000000710700000, 0x0000000710700000, 0x0000000710800000|  0%| F|  |TAMS 0x0000000710700000, 0x0000000710700000| Untracked 
| 220|0x0000000710800000, 0x0000000710800000, 0x0000000710900000|  0%| F|  |TAMS 0x0000000710800000, 0x0000000710800000| Untracked 
| 221|0x0000000710900000, 0x0000000710900000, 0x0000000710a00000|  0%| F|  |TAMS 0x0000000710900000, 0x0000000710900000| Untracked 
| 222|0x0000000710a00000, 0x0000000710a00000, 0x0000000710b00000|  0%| F|  |TAMS 0x0000000710a00000, 0x0000000710a00000| Untracked 
| 223|0x0000000710b00000, 0x0000000710b00000, 0x0000000710c00000|  0%| F|  |TAMS 0x0000000710b00000, 0x0000000710b00000| Untracked 
| 224|0x0000000710c00000, 0x0000000710c00000, 0x0000000710d00000|  0%| F|  |TAMS 0x0000000710c00000, 0x0000000710c00000| Untracked 
| 225|0x0000000710d00000, 0x0000000710d00000, 0x0000000710e00000|  0%| F|  |TAMS 0x0000000710d00000, 0x0000000710d00000| Untracked 
| 226|0x0000000710e00000, 0x0000000710e00000, 0x0000000710f00000|  0%| F|  |TAMS 0x0000000710e00000, 0x0000000710e00000| Untracked 
| 227|0x0000000710f00000, 0x0000000711000000, 0x0000000711000000|100%| S|CS|TAMS 0x0000000710f00000, 0x0000000710f00000| Complete 
| 228|0x0000000711000000, 0x0000000711100000, 0x0000000711100000|100%| S|CS|TAMS 0x0000000711000000, 0x0000000711000000| Complete 
| 229|0x0000000711100000, 0x0000000711200000, 0x0000000711200000|100%| S|CS|TAMS 0x0000000711100000, 0x0000000711100000| Complete 
| 230|0x0000000711200000, 0x0000000711200000, 0x0000000711300000|  0%| F|  |TAMS 0x0000000711200000, 0x0000000711200000| Untracked 
| 231|0x0000000711300000, 0x0000000711300000, 0x0000000711400000|  0%| F|  |TAMS 0x0000000711300000, 0x0000000711300000| Untracked 
| 232|0x0000000711400000, 0x0000000711400000, 0x0000000711500000|  0%| F|  |TAMS 0x0000000711400000, 0x0000000711400000| Untracked 
| 233|0x0000000711500000, 0x0000000711500000, 0x0000000711600000|  0%| F|  |TAMS 0x0000000711500000, 0x0000000711500000| Untracked 
| 234|0x0000000711600000, 0x0000000711600000, 0x0000000711700000|  0%| F|  |TAMS 0x0000000711600000, 0x0000000711600000| Untracked 
| 235|0x0000000711700000, 0x0000000711700000, 0x0000000711800000|  0%| F|  |TAMS 0x0000000711700000, 0x0000000711700000| Untracked 
| 236|0x0000000711800000, 0x0000000711800000, 0x0000000711900000|  0%| F|  |TAMS 0x0000000711800000, 0x0000000711800000| Untracked 
| 237|0x0000000711900000, 0x0000000711900000, 0x0000000711a00000|  0%| F|  |TAMS 0x0000000711900000, 0x0000000711900000| Untracked 
| 238|0x0000000711a00000, 0x0000000711a00000, 0x0000000711b00000|  0%| F|  |TAMS 0x0000000711a00000, 0x0000000711a00000| Untracked 
| 239|0x0000000711b00000, 0x0000000711b00000, 0x0000000711c00000|  0%| F|  |TAMS 0x0000000711b00000, 0x0000000711b00000| Untracked 
| 240|0x0000000711c00000, 0x0000000711c00000, 0x0000000711d00000|  0%| F|  |TAMS 0x0000000711c00000, 0x0000000711c00000| Untracked 
| 241|0x0000000711d00000, 0x0000000711d00000, 0x0000000711e00000|  0%| F|  |TAMS 0x0000000711d00000, 0x0000000711d00000| Untracked 
| 242|0x0000000711e00000, 0x0000000711e00000, 0x0000000711f00000|  0%| F|  |TAMS 0x0000000711e00000, 0x0000000711e00000| Untracked 
| 243|0x0000000711f00000, 0x0000000711f00000, 0x0000000712000000|  0%| F|  |TAMS 0x0000000711f00000, 0x0000000711f00000| Untracked 
| 244|0x0000000712000000, 0x0000000712000000, 0x0000000712100000|  0%| F|  |TAMS 0x0000000712000000, 0x0000000712000000| Untracked 
| 245|0x0000000712100000, 0x0000000712100000, 0x0000000712200000|  0%| F|  |TAMS 0x0000000712100000, 0x0000000712100000| Untracked 
| 246|0x0000000712200000, 0x0000000712200000, 0x0000000712300000|  0%| F|  |TAMS 0x0000000712200000, 0x0000000712200000| Untracked 
| 247|0x0000000712300000, 0x0000000712300800, 0x0000000712400000|  0%| E|  |TAMS 0x0000000712300000, 0x0000000712300000| Complete 
| 248|0x0000000712400000, 0x0000000712500000, 0x0000000712500000|100%| E|CS|TAMS 0x0000000712400000, 0x0000000712400000| Complete 
| 249|0x0000000712500000, 0x0000000712600000, 0x0000000712600000|100%| E|CS|TAMS 0x0000000712500000, 0x0000000712500000| Complete 
| 250|0x0000000712600000, 0x0000000712700000, 0x0000000712700000|100%| E|CS|TAMS 0x0000000712600000, 0x0000000712600000| Complete 
| 251|0x0000000712700000, 0x0000000712800000, 0x0000000712800000|100%| E|CS|TAMS 0x0000000712700000, 0x0000000712700000| Complete 
| 252|0x0000000712800000, 0x0000000712900000, 0x0000000712900000|100%| E|CS|TAMS 0x0000000712800000, 0x0000000712800000| Complete 
| 253|0x0000000712900000, 0x0000000712a00000, 0x0000000712a00000|100%| E|CS|TAMS 0x0000000712900000, 0x0000000712900000| Complete 

Card table byte_map: [0x000001cf2fa90000,0x000001cf30280000] _byte_map_base: 0x000001cf2c27a000

Marking Bits (Prev, Next): (CMBitMap*) 0x000001cf174fb9f8, (CMBitMap*) 0x000001cf174fba30
 Prev Bits: [0x000001cf30a70000, 0x000001cf349c0000)
 Next Bits: [0x000001cf349c0000, 0x000001cf38910000)

Polling page: 0x000001cf15c50000

Metaspace:

Usage:
  Non-class:     17.82 MB capacity,    17.66 MB (>99%) used,   141.36 KB ( <1%) free+waste,    27.25 KB ( <1%) overhead. 
      Class:      2.11 MB capacity,     2.01 MB ( 95%) used,    91.55 KB (  4%) free+waste,    11.38 KB ( <1%) overhead. 
       Both:     19.93 MB capacity,    19.66 MB ( 99%) used,   232.91 KB (  1%) free+waste,    38.63 KB ( <1%) overhead. 

Virtual space:
  Non-class space:       18.00 MB reserved,      18.00 MB (100%) committed 
      Class space:        1.00 GB reserved,       2.13 MB ( <1%) committed 
             Both:        1.02 GB reserved,      20.13 MB (  2%) committed 

Chunk freelists:
   Non-Class:  6.75 KB
       Class:  2.25 KB
        Both:  9.00 KB

CodeHeap 'non-profiled nmethods': size=120000Kb used=509Kb max_used=509Kb free=119490Kb
 bounds [0x000001cf27300000, 0x000001cf27570000, 0x000001cf2e830000]
CodeHeap 'profiled nmethods': size=120000Kb used=3332Kb max_used=3332Kb free=116667Kb
 bounds [0x000001cf1fdd0000, 0x000001cf20120000, 0x000001cf27300000]
CodeHeap 'non-nmethods': size=5760Kb used=1226Kb max_used=1243Kb free=4533Kb
 bounds [0x000001cf1f830000, 0x000001cf1faa0000, 0x000001cf1fdd0000]
 total_blobs=2371 nmethods=1583 adapters=379
 compilation: enabled
              stopped_count=0, restarted_count=0
 full_count=0

Compilation events (10 events):
Event: 9.794 Thread 0x000001cf3bd8c000 1579       3       java.nio.ByteBuffer::arrayOffset (35 bytes)
Event: 9.795 Thread 0x000001cf3bd8c000 nmethod 1579 0x000001cf2010f510 code [0x000001cf2010f700, 0x000001cf2010fa60]
Event: 9.795 Thread 0x000001cf3bd8c000 1580       3       java.nio.ByteBuffer::array (35 bytes)
Event: 9.795 Thread 0x000001cf3bd8c000 nmethod 1580 0x000001cf2010fb90 code [0x000001cf2010fd80, 0x000001cf201100e0]
Event: 9.795 Thread 0x000001cf3bd8c000 1581       3       java.lang.System::lineSeparator (4 bytes)
Event: 9.795 Thread 0x000001cf3bd8c000 nmethod 1581 0x000001cf20110210 code [0x000001cf201103c0, 0x000001cf20110518]
Event: 9.795 Thread 0x000001cf3bd8c000 1582       3       java.io.BufferedWriter::newLine (8 bytes)
Event: 9.796 Thread 0x000001cf3bd8c000 nmethod 1582 0x000001cf20110590 code [0x000001cf20110780, 0x000001cf20110bb0]
Event: 9.796 Thread 0x000001cf3bd8c000 1583       3       java.nio.CharBuffer::position (8 bytes)
Event: 9.796 Thread 0x000001cf3bd8c000 nmethod 1583 0x000001cf20110d90 code [0x000001cf20110f40, 0x000001cf201110f0]

GC Heap History (2 events):
Event: 2.364 GC heap before
{Heap before GC invocations=0 (full 0):
 garbage-first heap   total 260096K, used 23552K [0x0000000702c00000, 0x0000000800000000)
  region size 1024K, 24 young (24576K), 0 survivors (0K)
 Metaspace       used 18718K, capacity 18987K, committed 19200K, reserved 1067008K
  class space    used 1924K, capacity 2048K, committed 2048K, reserved 1048576K
}
Event: 2.371 GC heap after
{Heap after GC invocations=1 (full 0):
 garbage-first heap   total 260096K, used 4061K [0x0000000702c00000, 0x0000000800000000)
  region size 1024K, 3 young (3072K), 3 survivors (3072K)
 Metaspace       used 18718K, capacity 18987K, committed 19200K, reserved 1067008K
  class space    used 1924K, capacity 2048K, committed 2048K, reserved 1048576K
}

Deoptimization events (10 events):
Event: 1.977 Thread 0x000001cf1749a800 Uncommon trap: reason=class_check action=maybe_recompile pc=0x000001cf27357cdc method=sun.security.util.math.intpoly.IntegerPolynomial$MutableElement.setSum(Lsun/security/util/math/IntegerModuloP;)Lsun/security/util/math/intpoly/IntegerPolynomial$MutableE
Event: 1.977 Thread 0x000001cf1749a800 Uncommon trap: reason=class_check action=maybe_recompile pc=0x000001cf27357cdc method=sun.security.util.math.intpoly.IntegerPolynomial$MutableElement.setSum(Lsun/security/util/math/IntegerModuloP;)Lsun/security/util/math/intpoly/IntegerPolynomial$MutableE
Event: 1.977 Thread 0x000001cf1749a800 Uncommon trap: reason=class_check action=maybe_recompile pc=0x000001cf27357cdc method=sun.security.util.math.intpoly.IntegerPolynomial$MutableElement.setSum(Lsun/security/util/math/IntegerModuloP;)Lsun/security/util/math/intpoly/IntegerPolynomial$MutableE
Event: 2.264 Thread 0x000001cf1749a800 Uncommon trap: reason=unstable_if action=reinterpret pc=0x000001cf27352218 method=java.util.regex.Pattern$Branch.match(Ljava/util/regex/Matcher;ILjava/lang/CharSequence;)Z @ 19 c2
Event: 2.378 Thread 0x000001cf1749a800 Uncommon trap: reason=unstable_if action=reinterpret pc=0x000001cf2736ec34 method=java.util.concurrent.ConcurrentHashMap.get(Ljava/lang/Object;)Ljava/lang/Object; @ 76 c2
Event: 2.410 Thread 0x000001cf1749a800 Uncommon trap: reason=unstable_if action=reinterpret pc=0x000001cf2733ad00 method=java.util.HashMap.hash(Ljava/lang/Object;)I @ 1 c2
Event: 2.410 Thread 0x000001cf1749a800 Uncommon trap: reason=unstable_if action=reinterpret pc=0x000001cf2734c614 method=java.util.HashMap.hash(Ljava/lang/Object;)I @ 1 c2
Event: 2.410 Thread 0x000001cf1749a800 Uncommon trap: reason=unstable_if action=reinterpret pc=0x000001cf27351d60 method=java.util.HashMap$HashIterator.<init>(Ljava/util/HashMap;)V @ 45 c2
Event: 2.494 Thread 0x000001cf1749a800 Uncommon trap: reason=unstable_if action=reinterpret pc=0x000001cf2736364c method=java.lang.StringLatin1.canEncode(I)Z @ 4 c2
Event: 2.494 Thread 0x000001cf1749a800 Uncommon trap: reason=unstable_if action=reinterpret pc=0x000001cf27362c68 method=java.lang.AbstractStringBuilder.isLatin1()Z @ 10 c2

Classes redefined (4 events):
Event: 27.372 Thread 0x000001cf3b465800 redefined class name=com.training.decorator.FileDataSource, count=1
Event: 40.048 Thread 0x000001cf3b465800 redefined class name=com.training.decorator.FileDataSource, count=2
Event: 68.251 Thread 0x000001cf3b465800 redefined class name=com.training.patterns.TestFileDataSource, count=1
Event: 103.844 Thread 0x000001cf3b465800 redefined class name=com.training.patterns.TestFileDataSource, count=2

Internal exceptions (10 events):
Event: 0.655 Thread 0x000001cf1749a800 Exception <a 'java/lang/IncompatibleClassChangeError'{0x0000000712032460}: Found class java.lang.Object, but interface was expected> (0x0000000712032460) thrown at [t:/workspace/open/src/hotspot/share/interpreter/linkResolver.cpp, line 838]
Event: 0.656 Thread 0x000001cf1749a800 Exception <a 'java/lang/NoSuchMethodError'{0x00000007120358c8}: java.lang.invoke.DirectMethodHandle$Holder.invokeStaticInit(Ljava/lang/Object;Ljava/lang/Object;)V> (0x00000007120358c8) thrown at [t:/workspace/open/src/hotspot/share/interpreter/linkResolve
Event: 0.659 Thread 0x000001cf1749a800 Exception <a 'java/lang/NoSuchMethodError'{0x000000071203bcf0}: java.lang.invoke.DirectMethodHandle$Holder.invokeStaticInit(Ljava/lang/Object;Ljava/lang/Object;)I> (0x000000071203bcf0) thrown at [t:/workspace/open/src/hotspot/share/interpreter/linkResolve
Event: 0.674 Thread 0x000001cf1749a800 Exception <a 'java/lang/NoSuchMethodError'{0x000000071206b460}: java.lang.invoke.DirectMethodHandle$Holder.invokeStaticInit(Ljava/lang/Object;IIII)Ljava/lang/Object;> (0x000000071206b460) thrown at [t:/workspace/open/src/hotspot/share/interpreter/linkReso
Event: 0.677 Thread 0x000001cf1749a800 Exception <a 'sun/nio/fs/WindowsException'{0x00000007120718b0}> (0x00000007120718b0) thrown at [t:/workspace/open/src/hotspot/share/prims/jni.cpp, line 615]
Event: 0.683 Thread 0x000001cf1749a800 Exception <a 'java/lang/NoSuchMethodError'{0x0000000712078ec0}: java.lang.invoke.DirectMethodHandle$Holder.invokeSpecialIFC(Ljava/lang/Object;Ljava/lang/Object;I)I> (0x0000000712078ec0) thrown at [t:/workspace/open/src/hotspot/share/interpreter/linkResolv
Event: 1.762 Thread 0x000001cf1749a800 Exception <a 'java/lang/NoSuchMethodError'{0x0000000711aaa148}: java.lang.invoke.DirectMethodHandle$Holder.invokeStaticInit(Ljava/lang/Object;Ljava/lang/Object;IIII)Ljava/lang/Object;> (0x0000000711aaa148) thrown at [t:/workspace/open/src/hotspot/share/in
Event: 2.410 Thread 0x000001cf1749a800 Implicit null exception at 0x000001cf2733ac00 to 0x000001cf2733acee
Event: 2.410 Thread 0x000001cf1749a800 Implicit null exception at 0x000001cf2734c578 to 0x000001cf2734c60a
Event: 9.792 Thread 0x000001cf1749a800 Exception <a 'java/io/FileNotFoundException'{0x0000000712566280}> (0x0000000712566280) thrown at [t:/workspace/open/src/hotspot/share/prims/jni.cpp, line 615]

Events (10 events):
Event: 103.866 Executing VM operation: SetFramePop done
Event: 103.866 Executing VM operation: GetFrameLocation
Event: 103.866 Executing VM operation: GetFrameLocation done
Event: 103.866 Executing VM operation: GetCurrentLocation
Event: 103.866 Executing VM operation: GetCurrentLocation done
Event: 103.866 Executing VM operation: ChangeSingleStep
Event: 103.866 Executing VM operation: ChangeSingleStep done
Event: 103.867 Executing VM operation: GetFrameLocation
Event: 103.867 Executing VM operation: GetFrameLocation done
Event: 103.867 Executing VM operation: GetOrSetLocal


Dynamic libraries:
0x00007ff602d60000 - 0x00007ff602da7000 	C:\Program Files\Java\jdk-11.0.6\bin\javaw.exe
0x00007ffa16d30000 - 0x00007ffa16f25000 	C:\WINDOWS\SYSTEM32\ntdll.dll
0x00007ffa15dd0000 - 0x00007ffa15e8d000 	C:\WINDOWS\System32\KERNEL32.DLL
0x00007ffa14ac0000 - 0x00007ffa14d88000 	C:\WINDOWS\System32\KERNELBASE.dll
0x00007ffa15e90000 - 0x00007ffa15f3c000 	C:\WINDOWS\System32\ADVAPI32.dll
0x00007ffa160a0000 - 0x00007ffa1613e000 	C:\WINDOWS\System32\msvcrt.dll
0x00007ffa15ac0000 - 0x00007ffa15b5b000 	C:\WINDOWS\System32\sechost.dll
0x00007ffa15500000 - 0x00007ffa1562b000 	C:\WINDOWS\System32\RPCRT4.dll
0x00007ffa16140000 - 0x00007ffa162e0000 	C:\WINDOWS\System32\USER32.dll
0x00007ffa149f0000 - 0x00007ffa14a12000 	C:\WINDOWS\System32\win32u.dll
0x00007ffa154a0000 - 0x00007ffa154ca000 	C:\WINDOWS\System32\GDI32.dll
0x00007ffa14470000 - 0x00007ffa1457b000 	C:\WINDOWS\System32\gdi32full.dll
0x00007ffa14a20000 - 0x00007ffa14abd000 	C:\WINDOWS\System32\msvcp_win.dll
0x00007ffa147f0000 - 0x00007ffa148f0000 	C:\WINDOWS\System32\ucrtbase.dll
0x00007ff9ff430000 - 0x00007ff9ff6ca000 	C:\WINDOWS\WinSxS\amd64_microsoft.windows.common-controls_6595b64144ccf1df_6.0.19041.844_none_ca00b6081b84eb1d\COMCTL32.dll
0x00007ffa080a0000 - 0x00007ffa080aa000 	C:\WINDOWS\SYSTEM32\VERSION.dll
0x00007ffa154d0000 - 0x00007ffa15500000 	C:\WINDOWS\System32\IMM32.DLL
0x00007ff9e76a0000 - 0x00007ff9e76b6000 	C:\Program Files\Java\jdk-11.0.6\bin\vcruntime140.dll
0x00007ff9e58b0000 - 0x00007ff9e595a000 	C:\Program Files\Java\jdk-11.0.6\bin\msvcp140.dll
0x00007ff9cd3d0000 - 0x00007ff9cdef9000 	C:\Program Files\Java\jdk-11.0.6\bin\server\jvm.dll
0x00007ffa15340000 - 0x00007ffa15348000 	C:\WINDOWS\System32\PSAPI.DLL
0x00007ff9f3df0000 - 0x00007ff9f3df9000 	C:\WINDOWS\SYSTEM32\WSOCK32.dll
0x00007ff9ffe00000 - 0x00007ff9ffe27000 	C:\WINDOWS\SYSTEM32\WINMM.dll
0x00007ffa15f40000 - 0x00007ffa15fab000 	C:\WINDOWS\System32\WS2_32.dll
0x00007ffa12d00000 - 0x00007ffa12d12000 	C:\WINDOWS\SYSTEM32\kernel.appcore.dll
0x00007ffa0c540000 - 0x00007ffa0c551000 	C:\Program Files\Java\jdk-11.0.6\bin\verify.dll
0x00007ffa12340000 - 0x00007ffa12524000 	C:\WINDOWS\SYSTEM32\DBGHELP.DLL
0x00007ffa07fc0000 - 0x00007ffa07fec000 	C:\WINDOWS\SYSTEM32\dbgcore.DLL
0x00007ffa14920000 - 0x00007ffa149a0000 	C:\WINDOWS\System32\bcryptPrimitives.dll
0x00007ff9e6c00000 - 0x00007ff9e6c29000 	C:\Program Files\Java\jdk-11.0.6\bin\java.dll
0x00007ffa0ce90000 - 0x00007ffa0cec7000 	C:\Program Files\Java\jdk-11.0.6\bin\jdwp.dll
0x00007ffa0ab90000 - 0x00007ffa0aba6000 	C:\Program Files\Java\jdk-11.0.6\bin\zip.dll
0x00007ffa0cde0000 - 0x00007ffa0cdea000 	C:\Program Files\Java\jdk-11.0.6\bin\jimage.dll
0x00007ffa165a0000 - 0x00007ffa16ce2000 	C:\WINDOWS\System32\SHELL32.dll
0x00007ffa12550000 - 0x00007ffa12ce1000 	C:\WINDOWS\SYSTEM32\windows.storage.dll
0x00007ffa15760000 - 0x00007ffa15ab5000 	C:\WINDOWS\System32\combase.dll
0x00007ffa13e10000 - 0x00007ffa13e3c000 	C:\WINDOWS\SYSTEM32\Wldp.dll
0x00007ffa162e0000 - 0x00007ffa1638e000 	C:\WINDOWS\System32\SHCORE.dll
0x00007ffa15fb0000 - 0x00007ffa16005000 	C:\WINDOWS\System32\shlwapi.dll
0x00007ffa143b0000 - 0x00007ffa143cf000 	C:\WINDOWS\SYSTEM32\profapi.dll
0x00007ffa0ce40000 - 0x00007ffa0ce4a000 	C:\Program Files\Java\jdk-11.0.6\bin\dt_socket.dll
0x00007ffa13bf0000 - 0x00007ffa13c5a000 	C:\WINDOWS\System32\mswsock.dll
0x00007ffa138f0000 - 0x00007ffa139bc000 	C:\WINDOWS\SYSTEM32\DNSAPI.dll
0x00007ffa138b0000 - 0x00007ffa138eb000 	C:\WINDOWS\SYSTEM32\IPHLPAPI.DLL
0x00007ffa15630000 - 0x00007ffa15638000 	C:\WINDOWS\System32\NSI.dll
0x00007ffa08dd0000 - 0x00007ffa08e4f000 	C:\WINDOWS\System32\fwpuclnt.dll
0x00007ffa148f0000 - 0x00007ffa14917000 	C:\WINDOWS\System32\bcrypt.dll
0x00007ffa0b170000 - 0x00007ffa0b17a000 	C:\Windows\System32\rasadhlp.dll
0x00007ff9f00e0000 - 0x00007ff9f00f9000 	C:\Program Files\Java\jdk-11.0.6\bin\net.dll
0x00007ffa11320000 - 0x00007ffa1142b000 	C:\WINDOWS\SYSTEM32\WINHTTP.dll
0x00007ff9eaf10000 - 0x00007ff9eaf23000 	C:\Program Files\Java\jdk-11.0.6\bin\nio.dll
0x00007ff9e6550000 - 0x00007ff9e6577000 	C:\Program Files\Java\jdk-11.0.6\bin\sunec.dll
0x00007ffa13e50000 - 0x00007ffa13e68000 	C:\WINDOWS\SYSTEM32\CRYPTSP.dll
0x00007ffa13540000 - 0x00007ffa13574000 	C:\WINDOWS\system32\rsaenh.dll
0x00007ffa14370000 - 0x00007ffa1439e000 	C:\WINDOWS\SYSTEM32\USERENV.dll
0x00007ffa13d70000 - 0x00007ffa13d7c000 	C:\WINDOWS\SYSTEM32\CRYPTBASE.dll
0x00007ffa0aa40000 - 0x00007ffa0aa57000 	C:\WINDOWS\SYSTEM32\dhcpcsvc6.DLL
0x00007ffa0a8f0000 - 0x00007ffa0a90d000 	C:\WINDOWS\SYSTEM32\dhcpcsvc.DLL
0x00007ffa0c5f0000 - 0x00007ffa0c5fd000 	C:\Program Files\Java\jdk-11.0.6\bin\sunmscapi.dll
0x00007ffa14630000 - 0x00007ffa1478f000 	C:\WINDOWS\System32\CRYPT32.dll
0x00007ffa13f50000 - 0x00007ffa13f77000 	C:\WINDOWS\SYSTEM32\ncrypt.dll
0x00007ffa13f10000 - 0x00007ffa13f4b000 	C:\WINDOWS\SYSTEM32\NTASN1.dll

dbghelp: loaded successfully - version: 4.0.5 - missing functions: none
symbol engine: initialized successfully - sym options: 0x614 - pdb path: .;C:\Program Files\Java\jdk-11.0.6\bin;C:\WINDOWS\SYSTEM32;C:\WINDOWS\WinSxS\amd64_microsoft.windows.common-controls_6595b64144ccf1df_6.0.19041.844_none_ca00b6081b84eb1d;C:\Program Files\Java\jdk-11.0.6\bin\server

VM Arguments:
jvm_args: -agentlib:jdwp=transport=dt_socket,suspend=y,address=localhost:30880 -ea -Dfile.encoding=Cp1252 
java_command: org.testng.remote.RemoteTestNG -serport 30879 -protocol json -d D:\Projects\Workspace_2021_3\java-patterns\test-output C:\Users\osval\AppData\Local\Temp\testng-eclipse--732734209\testng-customsuite.xml
java_class_path (initial): D:\Installed\eclipse\jee-2021-03\eclipse\configuration\org.eclipse.osgi\983\0\.cp\lib\testng-remote.jar;D:\Projects\Workspace_2021_3\java-patterns\target\test-classes;D:\Projects\Workspace_2021_3\java-patterns\target\classes;C:\Users\osval\.m2\repository\org\testng\testng\6.9.8\testng-6.9.8.jar;C:\Users\osval\.m2\repository\org\beanshell\bsh\2.0b4\bsh-2.0b4.jar;C:\Users\osval\.m2\repository\com\beust\jcommander\1.48\jcommander-1.48.jar
Launcher Type: SUN_STANDARD

[Global flags]
     intx CICompilerCount                          = 4                                         {product} {ergonomic}
     uint ConcGCThreads                            = 2                                         {product} {ergonomic}
     uint G1ConcRefinementThreads                  = 8                                         {product} {ergonomic}
   size_t G1HeapRegionSize                         = 1048576                                   {product} {ergonomic}
    uintx GCDrainStackTargetSize                   = 64                                        {product} {ergonomic}
   size_t InitialHeapSize                          = 266338304                                 {product} {ergonomic}
   size_t MarkStackSize                            = 4194304                                   {product} {ergonomic}
   size_t MaxHeapSize                              = 4248829952                                {product} {ergonomic}
   size_t MaxNewSize                               = 2549088256                                {product} {ergonomic}
   size_t MinHeapDeltaBytes                        = 1048576                                   {product} {ergonomic}
    uintx NonNMethodCodeHeapSize                   = 5836300                                {pd product} {ergonomic}
    uintx NonProfiledCodeHeapSize                  = 122910970                              {pd product} {ergonomic}
    uintx ProfiledCodeHeapSize                     = 122910970                              {pd product} {ergonomic}
    uintx ReservedCodeCacheSize                    = 251658240                              {pd product} {ergonomic}
     bool SegmentedCodeCache                       = true                                      {product} {ergonomic}
     bool UseCompressedClassPointers               = true                                 {lp64_product} {ergonomic}
     bool UseCompressedOops                        = true                                 {lp64_product} {ergonomic}
     bool UseG1GC                                  = true                                      {product} {ergonomic}
     bool UseLargePagesIndividualAllocation        = false                                  {pd product} {ergonomic}

Logging:
Log output configuration:
 #0: stdout all=warning uptime,level,tags
 #1: stderr all=off uptime,level,tags

Environment Variables:
JAVA_HOME=C:\Program Files\Java\jdk1.8.0_231
PATH=C:/Program Files/Java/jdk-11.0.6/bin/server;C:/Program Files/Java/jdk-11.0.6/bin;C:\Program Files (x86)\Microsoft SDKs\Azure\CLI2\wbin;C:\Program Files\Microsoft MPI\Bin\;D:\Installed\Borland\Delphi7\Bin;D:\Installed\Borland\Delphi7\Projects\Bpl\;C:\Program Files\Java\jdk1.8.0_231\bin;C:\Program Files (x86)\Common Files\Oracle\Java\javapath;C:\WINDOWS\system32;C:\WINDOWS;C:\WINDOWS\System32\Wbem;C:\WINDOWS\System32\WindowsPowerShell\v1.0\;C:\ProgramData\chocolatey\bin;D:\Installed\apache-maven-3.6.3\bin;D:\Installed\apache-maven-3.6.3\bin;D:\Installed\TortoiseSVN\bin;C:\Program Files (x86)\Microsoft SQL Server\140\Tools\Binn\;C:\Program Files\Microsoft SQL Server\140\Tools\Binn\;C:\Program Files (x86)\Microsoft SQL Server\140\DTS\Binn\;C:\Program Files\Microsoft SQL Server\140\DTS\Binn\;C:\Program Files\Microsoft SQL Server\Client SDK\ODBC\130\Tools\Binn\;C:\Program Files (x86)\Microsoft SQL Server\150\DTS\Binn\;C:\Program Files\Oracle\VirtualBox\;C:\WINDOWS\System32\OpenSSH\;C:\Program Files (x86)\WinMerge;C:\Program Files\Intel\WiFi\bin\;C:\Program Files\Common Files\Intel\WirelessCommon\;D:\Installed\Python\Python38-32;D:\Installed\Python\Python38-32\Scripts;D:\Installed\Python27\Lib\site-packages;C:\Program Files\Microsoft SQL Server\130\Tools\Binn\;C:\Program Files\Microsoft SQL Server\Client SDK\ODBC\170\Tools\Binn\;D:\Installed\apache-jmeter-5.3\bin;D:\Installed\zookeeper-3.4.12\bin;D:\Installed\Protoc-Buffer\bin;D:\Installed\kafka_2.12-2.5.0\bin;D:\Installed\kafka_2.12-2.5.0\bin\windows;C:\Program Files\MongoDB\Server\4.2\bin;C:\Program Files\dotnet\;D:\Installed\scala\bin;C:\Program Files (x86)\dotnet\;C:\Program Files (x86)\dotnet-core-uninstall\;C:\Program Files\OpenSSL\bin;D:\Installed\nodejs\;C:\Program Files\Docker\Docker\resources\bin;C:\ProgramData\DockerDesktop\version-bin;C:\Program Files (x86)\Micro Focus\LoadRunner\bin\Silk\Silk Performer 21.0;D:\Installed\Python\Python38-32\Scripts\;D:\Installed\Python\Python38-32\;C:\Users\osval\AppData\Local
USERNAME=osval
OS=Windows_NT
PROCESSOR_IDENTIFIER=Intel64 Family 6 Model 142 Stepping 10, GenuineIntel



---------------  S Y S T E M  ---------------

OS: Windows 10 , 64 bit Build 19041 (10.0.19041.928)

CPU:total 8 (initial active 8) (4 cores per cpu, 2 threads per core) family 6 model 142 stepping 10, cmov, cx8, fxsr, mmx, sse, sse2, sse3, ssse3, sse4.1, sse4.2, popcnt, avx, avx2, aes, clmul, erms, 3dnowpref, lzcnt, ht, tsc, tscinvbit, bmi1, bmi2, adx, fma

Memory: 4k page, system-wide physical 16206M (5745M free)
TotalPageFile size 22094M (AvailPageFile size 6262M)
current process WorkingSet (physical memory assigned to process): 93M, peak: 98M
current process commit charge ("private bytes"): 359M, peak: 364M

vm_info: Java HotSpot(TM) 64-Bit Server VM (11.0.6+8-LTS) for windows-amd64 JRE (11.0.6+8-LTS), built on Dec 11 2019 09:17:57 by "mach5one" with MS VC++ 15.5 (VS2017)

END.
